[15:07:15] [main/INFO]: Setting user: Player801
[15:07:18] [Client thread/INFO]: LWJGL Version: 2.9.1
[15:07:31] [Client thread/INFO]: Reloading ResourceManager: Default, FMLFileResourcePack:Forge Mod Loader, FMLFileResourcePack:Minecraft Forge, FMLFileResourcePack:First Mod
[15:07:31] [Sound Library Loader/INFO]: Sound engine started
[15:07:36] [Client thread/INFO]: Created: 16x16 textures/blocks-atlas
[15:07:36] [Client thread/INFO]: Created: 16x16 textures/items-atlas
[15:07:37] [Client thread/INFO]: Reloading ResourceManager: Default, FMLFileResourcePack:Forge Mod Loader, FMLFileResourcePack:Minecraft Forge, FMLFileResourcePack:First Mod
[15:07:37] [Client thread/INFO]: Created: 512x256 textures/blocks-atlas
[15:07:37] [Client thread/INFO]: Created: 256x256 textures/items-atlas
[15:07:38] [Sound Library Loader/INFO]: Sound engine started
[15:07:46] [Server thread/INFO]: Starting integrated minecraft server version 1.7.10
[15:07:46] [Server thread/INFO]: Generating keypair
[15:07:47] [Server thread/INFO]: Preparing start region for level 0
[15:07:48] [Server thread/INFO]: Changing view distance to 12, from 10
[15:07:49] [Server thread/INFO]: Player801[local:E:e480a5ba] logged in with entity id 136 at (-720.2907303707705, 4.0, 594.9550912297494)
[15:07:49] [Server thread/INFO]: Player801 joined the game
[15:07:57] [Server thread/INFO]: Player801 has just earned the achievement [Taking Inventory]
[15:07:57] [Client thread/INFO]: [CHAT] Player801 has just earned the achievement [Taking Inventory]
[15:08:16] [Server thread/INFO]: Saving and pausing game...
[15:08:16] [Server thread/INFO]: Saving chunks for level 'New World'/Overworld
[15:08:16] [Server thread/INFO]: Saving chunks for level 'New World'/Nether
[15:08:16] [Server thread/INFO]: Saving chunks for level 'New World'/The End
[15:08:17] [Server thread/INFO]: Stopping server
[15:08:17] [Server thread/INFO]: Saving players
[15:08:17] [Server thread/INFO]: Saving worlds
[15:08:17] [Server thread/INFO]: Saving chunks for level 'New World'/Overworld
[15:08:17] [Server thread/INFO]: Saving chunks for level 'New World'/Nether
[15:08:17] [Server thread/INFO]: Saving chunks for level 'New World'/The End
[15:08:18] [Client thread/INFO]: Stopping!
